2023-06-09 17:16:24.143  INFO 21172 --- [main] com.love.product.ProductTest             : Starting ProductTest on DESKTOP-TUKL56E with PID 21172 (started by Administrator in C:\Users\Administrator\Desktop\product\product-manager)
2023-06-09 17:16:24.149  INFO 21172 --- [main] com.love.product.ProductTest             : No active profile set, falling back to default profiles: default
2023-06-09 17:16:24.308  WARN 21172 --- [background-preinit] o.s.h.c.j.Jackson2ObjectMapperBuilder    : For Jackson Kotlin classes support please add "com.fasterxml.jackson.module:jackson-module-kotlin" to the classpath
2023-06-09 17:16:25.299  INFO 21172 --- [main] .s.d.r.c.RepositoryConfigurationDelegate : Multiple Spring Data modules found, entering strict repository configuration mode!
2023-06-09 17:16:25.301  INFO 21172 --- [main] .s.d.r.c.RepositoryConfigurationDelegate : Bootstrapping Spring Data Elasticsearch repositories in DEFAULT mode.
2023-06-09 17:16:25.522  INFO 21172 --- [main] .s.d.r.c.RepositoryConfigurationDelegate : Finished Spring Data repository scanning in 216ms. Found 1 Elasticsearch repository interfaces.
2023-06-09 17:16:25.528  INFO 21172 --- [main] .s.d.r.c.RepositoryConfigurationDelegate : Multiple Spring Data modules found, entering strict repository configuration mode!
2023-06-09 17:16:25.528  INFO 21172 --- [main] .s.d.r.c.RepositoryConfigurationDelegate : Bootstrapping Spring Data Reactive Elasticsearch repositories in DEFAULT mode.
2023-06-09 17:16:25.544  INFO 21172 --- [main] .s.d.r.c.RepositoryConfigurationDelegate : Finished Spring Data repository scanning in 15ms. Found 0 Reactive Elasticsearch repository interfaces.
2023-06-09 17:16:25.558  INFO 21172 --- [main] .s.d.r.c.RepositoryConfigurationDelegate : Multiple Spring Data modules found, entering strict repository configuration mode!
2023-06-09 17:16:25.559  INFO 21172 --- [main] .s.d.r.c.RepositoryConfigurationDelegate : Bootstrapping Spring Data Redis repositories in DEFAULT mode.
2023-06-09 17:16:25.581  INFO 21172 --- [main] .RepositoryConfigurationExtensionSupport : Spring Data Redis - Could not safely identify store assignment for repository candidate interface com.love.product.mapper.ElasticsearchMapper. If you want this repository to be a Redis repository, consider annotating your entities with one of these annotations: org.springframework.data.redis.core.RedisHash (preferred), or consider extending one of the following types with your repository: org.springframework.data.keyvalue.repository.KeyValueRepository.
2023-06-09 17:16:25.582  INFO 21172 --- [main] .s.d.r.c.RepositoryConfigurationDelegate : Finished Spring Data repository scanning in 15ms. Found 0 Redis repository interfaces.
2023-06-09 17:16:25.779  WARN 21172 --- [main] o.m.s.mapper.ClassPathMapperScanner      : No MyBatis mapper was found in '[com.love.product.*.mapper]' package. Please check your configuration.
2023-06-09 17:16:25.783  WARN 21172 --- [main] o.m.s.mapper.ClassPathMapperScanner      : Skipping MapperFactoryBean with name 'elasticsearchMapper' and 'com.love.product.mapper.ElasticsearchMapper' mapperInterface. Bean already defined with the same name!
2023-06-09 17:16:26.162  INFO 21172 --- [main] trationDelegate$BeanPostProcessorChecker : Bean 'org.springframework.security.access.expression.method.DefaultMethodSecurityExpressionHandler@1d02af26' of type [org.springframework.security.access.expression.method.DefaultMethodSecurityExpressionHandler] is not eligible for getting processed by all BeanPostProcessors (for example: not eligible for auto-proxying)
2023-06-09 17:16:26.176  INFO 21172 --- [main] trationDelegate$BeanPostProcessorChecker : Bean 'methodSecurityMetadataSource' of type [org.springframework.security.access.method.DelegatingMethodSecurityMetadataSource] is not eligible for getting processed by all BeanPostProcessors (for example: not eligible for auto-proxying)
2023-06-09 17:16:30.647  WARN 21172 --- [main] o.s.data.convert.CustomConversions       : Registering converter from class org.springframework.data.geo.Point to interface java.util.Map as writing converter although it doesn't convert to a store-supported type! You might want to check your annotation setup at the converter implementation.
2023-06-09 17:16:30.647  WARN 21172 --- [main] o.s.data.convert.CustomConversions       : Registering converter from interface java.util.Map to class org.springframework.data.geo.Point as reading converter although it doesn't convert from a store-supported type! You might want to check your annotation setup at the converter implementation.
2023-06-09 17:16:30.647  WARN 21172 --- [main] o.s.data.convert.CustomConversions       : Registering converter from class org.springframework.data.elasticsearch.core.geo.GeoPoint to interface java.util.Map as writing converter although it doesn't convert to a store-supported type! You might want to check your annotation setup at the converter implementation.
2023-06-09 17:16:30.648  WARN 21172 --- [main] o.s.data.convert.CustomConversions       : Registering converter from interface java.util.Map to class org.springframework.data.elasticsearch.core.geo.GeoPoint as reading converter although it doesn't convert from a store-supported type! You might want to check your annotation setup at the converter implementation.
2023-06-09 17:16:31.897  INFO 21172 --- [main] o.s.d.elasticsearch.support.VersionInfo  : Version Spring Data Elasticsearch: 4.0.6.RELEASE
2023-06-09 17:16:31.898  INFO 21172 --- [main] o.s.d.elasticsearch.support.VersionInfo  : Version Elasticsearch Client in build: 7.6.2
2023-06-09 17:16:31.898  INFO 21172 --- [main] o.s.d.elasticsearch.support.VersionInfo  : Version Elasticsearch Client used: 7.6.2
2023-06-09 17:16:32.198  WARN 21172 --- [main] o.s.s.o.p.t.s.JwtAccessTokenConverter    : Unable to create an RSA verifier from verifierKey (ignoreable if using MAC)
2023-06-09 17:16:33.004  INFO 21172 --- [main] o.s.s.web.DefaultSecurityFilterChain     : Creating filter chain: OrRequestMatcher [requestMatchers=[Ant [pattern='/oauth/token'], Ant [pattern='/oauth/token_key'], Ant [pattern='/oauth/check_token']]], [org.springframework.security.web.context.request.async.WebAsyncManagerIntegrationFilter@47d4e28a, org.springframework.security.web.context.SecurityContextPersistenceFilter@6c13019c, org.springframework.security.web.header.HeaderWriterFilter@36f05595, org.springframework.security.web.authentication.logout.LogoutFilter@2aac6fa7, org.springframework.security.oauth2.provider.client.ClientCredentialsTokenEndpointFilter@40b01718, org.springframework.security.web.authentication.www.BasicAuthenticationFilter@4cfe9594, org.springframework.security.web.savedrequest.RequestCacheAwareFilter@47ae6c18, org.springframework.security.web.servletapi.SecurityContextHolderAwareRequestFilter@7a47f0be, org.springframework.security.web.authentication.AnonymousAuthenticationFilter@177068db, org.springframework.security.web.session.SessionManagementFilter@62a41279, org.springframework.security.web.access.ExceptionTranslationFilter@787a0fd6, org.springframework.security.web.access.intercept.FilterSecurityInterceptor@5d77be8e]
2023-06-09 17:16:33.025  INFO 21172 --- [main] o.s.s.web.DefaultSecurityFilterChain     : Creating filter chain: org.springframework.security.oauth2.config.annotation.web.configuration.ResourceServerConfiguration$NotOAuthRequestMatcher@391b01c5, [org.springframework.security.web.context.request.async.WebAsyncManagerIntegrationFilter@6e78177b, org.springframework.security.web.context.SecurityContextPersistenceFilter@6e66b498, org.springframework.security.web.header.HeaderWriterFilter@6a6a2fdd, org.springframework.security.web.authentication.logout.LogoutFilter@1e32037d, org.springframework.security.oauth2.provider.authentication.OAuth2AuthenticationProcessingFilter@490d9c41, org.springframework.security.web.savedrequest.RequestCacheAwareFilter@54d35ed5, org.springframework.security.web.servletapi.SecurityContextHolderAwareRequestFilter@6f7c9755, org.springframework.security.web.authentication.AnonymousAuthenticationFilter@4ec37a42, org.springframework.security.web.session.SessionManagementFilter@552ffa44, org.springframework.security.web.access.ExceptionTranslationFilter@5f0ca069, org.springframework.security.web.access.intercept.FilterSecurityInterceptor@5d6d424d]
2023-06-09 17:16:33.028  INFO 21172 --- [main] o.s.s.web.DefaultSecurityFilterChain     : Creating filter chain: any request, [org.springframework.security.web.context.request.async.WebAsyncManagerIntegrationFilter@61becbcf, org.springframework.security.web.context.SecurityContextPersistenceFilter@71f056a, org.springframework.security.web.header.HeaderWriterFilter@5521407f, org.springframework.security.web.authentication.logout.LogoutFilter@2e1ad7de, org.springframework.security.web.savedrequest.RequestCacheAwareFilter@64f6dd19, org.springframework.security.web.servletapi.SecurityContextHolderAwareRequestFilter@3b8b5b40, org.springframework.security.web.authentication.AnonymousAuthenticationFilter@20171cdc, org.springframework.security.web.session.SessionManagementFilter@42b500aa, org.springframework.security.web.access.ExceptionTranslationFilter@51cd2d2, org.springframework.security.web.access.intercept.FilterSecurityInterceptor@3883b5e9]
2023-06-09 17:16:33.108  INFO 21172 --- [main] pertySourcedRequestMappingHandlerMapping : Mapped URL path [/v2/api-docs] onto method [springfox.documentation.swagger2.web.Swagger2ControllerWebMvc#getDocumentation(String, HttpServletRequest)]
2023-06-09 17:16:34.190  INFO 21172 --- [main] o.s.s.concurrent.ThreadPoolTaskExecutor  : Initializing ExecutorService 'applicationTaskExecutor'
2023-06-09 17:16:35.671  WARN 21172 --- [main] .d.e.r.s.AbstractElasticsearchRepository : Cannot create index: Timeout connecting to [/127.0.0.1:9200]; nested exception is java.lang.RuntimeException: Timeout connecting to [/127.0.0.1:9200]
2023-06-09 17:16:35.989  INFO 21172 --- [main] d.s.w.p.DocumentationPluginsBootstrapper : Documentation plugins bootstrapped
2023-06-09 17:16:35.992  INFO 21172 --- [main] d.s.w.p.DocumentationPluginsBootstrapper : Found 1 custom documentation plugin(s)
2023-06-09 17:16:36.038  INFO 21172 --- [main] s.d.s.w.s.ApiListingReferenceScanner     : Scanning for api listing references
2023-06-09 17:16:36.215  INFO 21172 --- [main] .d.s.w.r.o.CachingOperationNameGenerator : Generating unique operation named: addUsingGET_1
2023-06-09 17:16:36.229  INFO 21172 --- [main] .d.s.w.r.o.CachingOperationNameGenerator : Generating unique operation named: getPageUsingPOST_1
2023-06-09 17:16:36.247  INFO 21172 --- [main] .d.s.w.r.o.CachingOperationNameGenerator : Generating unique operation named: getPageUsingPOST_2
2023-06-09 17:16:36.287  INFO 21172 --- [main] .d.s.w.r.o.CachingOperationNameGenerator : Generating unique operation named: addUsingPOST_1
2023-06-09 17:16:36.294  INFO 21172 --- [main] .d.s.w.r.o.CachingOperationNameGenerator : Generating unique operation named: delUsingDELETE_1
2023-06-09 17:16:36.332  INFO 21172 --- [main] .d.s.w.r.o.CachingOperationNameGenerator : Generating unique operation named: getPageUsingPOST_3
2023-06-09 17:16:36.334  INFO 21172 --- [main] .d.s.w.r.o.CachingOperationNameGenerator : Generating unique operation named: addUsingGET_2
2023-06-09 17:16:36.340  INFO 21172 --- [main] .d.s.w.r.o.CachingOperationNameGenerator : Generating unique operation named: updateUsingPOST_1
2023-06-09 17:16:36.350  INFO 21172 --- [main] o.s.a.r.c.CachingConnectionFactory       : Attempting to connect to: [127.0.0.1:5672]
2023-06-09 17:16:38.232  INFO 21172 --- [main] o.s.a.r.c.CachingConnectionFactory       : Created new connection: rabbitConnectionFactory#2036f83:0/SimpleConnection@f472245 [delegate=amqp://guest@127.0.0.1:5672/, localPort= 51228]
2023-06-09 17:16:38.316  INFO 21172 --- [main] com.love.product.ProductTest             : Started ProductTest in 14.49 seconds (JVM running for 15.862)
2023-06-09 17:16:38.535  INFO 21172 --- [main] com.zaxxer.hikari.HikariDataSource       : HikariPool-1 - Starting...
2023-06-09 17:16:38.738  INFO 21172 --- [main] com.zaxxer.hikari.HikariDataSource       : HikariPool-1 - Start completed.
2023-06-09 17:16:38.833  INFO 21172 --- [SpringContextShutdownHook] o.s.a.r.l.SimpleMessageListenerContainer : Waiting for workers to finish.
2023-06-09 17:16:39.321  INFO 21172 --- [SpringContextShutdownHook] o.s.a.r.l.SimpleMessageListenerContainer : Successfully waited for workers to finish.
2023-06-09 17:16:39.326  INFO 21172 --- [SpringContextShutdownHook] o.s.a.r.l.SimpleMessageListenerContainer : Shutdown ignored - container is not active already
2023-06-09 17:16:39.327  INFO 21172 --- [SpringContextShutdownHook] o.s.s.concurrent.ThreadPoolTaskExecutor  : Shutting down ExecutorService 'applicationTaskExecutor'
2023-06-09 17:16:39.366  INFO 21172 --- [SpringContextShutdownHook] com.zaxxer.hikari.HikariDataSource       : HikariPool-1 - Shutdown initiated...
2023-06-09 17:16:39.378  INFO 21172 --- [SpringContextShutdownHook] com.zaxxer.hikari.HikariDataSource       : HikariPool-1 - Shutdown completed.
2023-06-09 17:21:00.005  INFO 1792 --- [main] com.love.product.ProductTest             : Starting ProductTest on DESKTOP-TUKL56E with PID 1792 (started by Administrator in C:\Users\Administrator\Desktop\product\product-manager)
2023-06-09 17:21:00.007  INFO 1792 --- [main] com.love.product.ProductTest             : No active profile set, falling back to default profiles: default
2023-06-09 17:21:00.211  WARN 1792 --- [background-preinit] o.s.h.c.j.Jackson2ObjectMapperBuilder    : For Jackson Kotlin classes support please add "com.fasterxml.jackson.module:jackson-module-kotlin" to the classpath
2023-06-09 17:21:01.146  INFO 1792 --- [main] .s.d.r.c.RepositoryConfigurationDelegate : Multiple Spring Data modules found, entering strict repository configuration mode!
2023-06-09 17:21:01.148  INFO 1792 --- [main] .s.d.r.c.RepositoryConfigurationDelegate : Bootstrapping Spring Data Elasticsearch repositories in DEFAULT mode.
2023-06-09 17:21:01.436  INFO 1792 --- [main] .s.d.r.c.RepositoryConfigurationDelegate : Finished Spring Data repository scanning in 280ms. Found 1 Elasticsearch repository interfaces.
2023-06-09 17:21:01.443  INFO 1792 --- [main] .s.d.r.c.RepositoryConfigurationDelegate : Multiple Spring Data modules found, entering strict repository configuration mode!
2023-06-09 17:21:01.444  INFO 1792 --- [main] .s.d.r.c.RepositoryConfigurationDelegate : Bootstrapping Spring Data Reactive Elasticsearch repositories in DEFAULT mode.
2023-06-09 17:21:01.467  INFO 1792 --- [main] .s.d.r.c.RepositoryConfigurationDelegate : Finished Spring Data repository scanning in 22ms. Found 0 Reactive Elasticsearch repository interfaces.
2023-06-09 17:21:01.482  INFO 1792 --- [main] .s.d.r.c.RepositoryConfigurationDelegate : Multiple Spring Data modules found, entering strict repository configuration mode!
2023-06-09 17:21:01.484  INFO 1792 --- [main] .s.d.r.c.RepositoryConfigurationDelegate : Bootstrapping Spring Data Redis repositories in DEFAULT mode.
2023-06-09 17:21:01.512  INFO 1792 --- [main] .RepositoryConfigurationExtensionSupport : Spring Data Redis - Could not safely identify store assignment for repository candidate interface com.love.product.mapper.ElasticsearchMapper. If you want this repository to be a Redis repository, consider annotating your entities with one of these annotations: org.springframework.data.redis.core.RedisHash (preferred), or consider extending one of the following types with your repository: org.springframework.data.keyvalue.repository.KeyValueRepository.
2023-06-09 17:21:01.513  INFO 1792 --- [main] .s.d.r.c.RepositoryConfigurationDelegate : Finished Spring Data repository scanning in 18ms. Found 0 Redis repository interfaces.
2023-06-09 17:21:01.689  WARN 1792 --- [main] o.m.s.mapper.ClassPathMapperScanner      : No MyBatis mapper was found in '[com.love.product.*.mapper]' package. Please check your configuration.
2023-06-09 17:21:01.694  WARN 1792 --- [main] o.m.s.mapper.ClassPathMapperScanner      : Skipping MapperFactoryBean with name 'elasticsearchMapper' and 'com.love.product.mapper.ElasticsearchMapper' mapperInterface. Bean already defined with the same name!
2023-06-09 17:21:02.045  INFO 1792 --- [main] trationDelegate$BeanPostProcessorChecker : Bean 'org.springframework.security.access.expression.method.DefaultMethodSecurityExpressionHandler@642a16aa' of type [org.springframework.security.access.expression.method.DefaultMethodSecurityExpressionHandler] is not eligible for getting processed by all BeanPostProcessors (for example: not eligible for auto-proxying)
2023-06-09 17:21:02.062  INFO 1792 --- [main] trationDelegate$BeanPostProcessorChecker : Bean 'methodSecurityMetadataSource' of type [org.springframework.security.access.method.DelegatingMethodSecurityMetadataSource] is not eligible for getting processed by all BeanPostProcessors (for example: not eligible for auto-proxying)
2023-06-09 17:21:06.441  WARN 1792 --- [main] o.s.data.convert.CustomConversions       : Registering converter from class org.springframework.data.geo.Point to interface java.util.Map as writing converter although it doesn't convert to a store-supported type! You might want to check your annotation setup at the converter implementation.
2023-06-09 17:21:06.441  WARN 1792 --- [main] o.s.data.convert.CustomConversions       : Registering converter from interface java.util.Map to class org.springframework.data.geo.Point as reading converter although it doesn't convert from a store-supported type! You might want to check your annotation setup at the converter implementation.
2023-06-09 17:21:06.442  WARN 1792 --- [main] o.s.data.convert.CustomConversions       : Registering converter from class org.springframework.data.elasticsearch.core.geo.GeoPoint to interface java.util.Map as writing converter although it doesn't convert to a store-supported type! You might want to check your annotation setup at the converter implementation.
2023-06-09 17:21:06.442  WARN 1792 --- [main] o.s.data.convert.CustomConversions       : Registering converter from interface java.util.Map to class org.springframework.data.elasticsearch.core.geo.GeoPoint as reading converter although it doesn't convert from a store-supported type! You might want to check your annotation setup at the converter implementation.
2023-06-09 17:21:07.668  INFO 1792 --- [main] o.s.d.elasticsearch.support.VersionInfo  : Version Spring Data Elasticsearch: 4.0.6.RELEASE
2023-06-09 17:21:07.668  INFO 1792 --- [main] o.s.d.elasticsearch.support.VersionInfo  : Version Elasticsearch Client in build: 7.6.2
2023-06-09 17:21:07.669  INFO 1792 --- [main] o.s.d.elasticsearch.support.VersionInfo  : Version Elasticsearch Client used: 7.6.2
2023-06-09 17:21:07.977  WARN 1792 --- [main] o.s.s.o.p.t.s.JwtAccessTokenConverter    : Unable to create an RSA verifier from verifierKey (ignoreable if using MAC)
2023-06-09 17:21:08.792  INFO 1792 --- [main] o.s.s.web.DefaultSecurityFilterChain     : Creating filter chain: OrRequestMatcher [requestMatchers=[Ant [pattern='/oauth/token'], Ant [pattern='/oauth/token_key'], Ant [pattern='/oauth/check_token']]], [org.springframework.security.web.context.request.async.WebAsyncManagerIntegrationFilter@47ffa248, org.springframework.security.web.context.SecurityContextPersistenceFilter@5b715ea, org.springframework.security.web.header.HeaderWriterFilter@62f37bfd, org.springframework.security.web.authentication.logout.LogoutFilter@4a5d5b38, org.springframework.security.oauth2.provider.client.ClientCredentialsTokenEndpointFilter@aa633e6, org.springframework.security.web.authentication.www.BasicAuthenticationFilter@33a3e5db, org.springframework.security.web.savedrequest.RequestCacheAwareFilter@48b09105, org.springframework.security.web.servletapi.SecurityContextHolderAwareRequestFilter@36f05595, org.springframework.security.web.authentication.AnonymousAuthenticationFilter@18ac25e6, org.springframework.security.web.session.SessionManagementFilter@70e1aa20, org.springframework.security.web.access.ExceptionTranslationFilter@6144e499, org.springframework.security.web.access.intercept.FilterSecurityInterceptor@591a4d25]
2023-06-09 17:21:08.813  INFO 1792 --- [main] o.s.s.web.DefaultSecurityFilterChain     : Creating filter chain: org.springframework.security.oauth2.config.annotation.web.configuration.ResourceServerConfiguration$NotOAuthRequestMatcher@565a6af, [org.springframework.security.web.context.request.async.WebAsyncManagerIntegrationFilter@21bf308, org.springframework.security.web.context.SecurityContextPersistenceFilter@47d4e28a, org.springframework.security.web.header.HeaderWriterFilter@37d81587, org.springframework.security.web.authentication.logout.LogoutFilter@b3042ed, org.springframework.security.oauth2.provider.authentication.OAuth2AuthenticationProcessingFilter@6f7c9755, org.springframework.security.web.savedrequest.RequestCacheAwareFilter@177068db, org.springframework.security.web.servletapi.SecurityContextHolderAwareRequestFilter@60f3239f, org.springframework.security.web.authentication.AnonymousAuthenticationFilter@4cded2cd, org.springframework.security.web.session.SessionManagementFilter@7f3e9acc, org.springframework.security.web.access.ExceptionTranslationFilter@60861e5d, org.springframework.security.web.access.intercept.FilterSecurityInterceptor@20afd96f]
2023-06-09 17:21:08.816  INFO 1792 --- [main] o.s.s.web.DefaultSecurityFilterChain     : Creating filter chain: any request, [org.springframework.security.web.context.request.async.WebAsyncManagerIntegrationFilter@42b500aa, org.springframework.security.web.context.SecurityContextPersistenceFilter@7b2dd35d, org.springframework.security.web.header.HeaderWriterFilter@1cee3e05, org.springframework.security.web.authentication.logout.LogoutFilter@4d8522ff, org.springframework.security.web.savedrequest.RequestCacheAwareFilter@405223e4, org.springframework.security.web.servletapi.SecurityContextHolderAwareRequestFilter@2d2133fd, org.springframework.security.web.authentication.AnonymousAuthenticationFilter@71f056a, org.springframework.security.web.session.SessionManagementFilter@63f2d024, org.springframework.security.web.access.ExceptionTranslationFilter@43df1377, org.springframework.security.web.access.intercept.FilterSecurityInterceptor@5521407f]
2023-06-09 17:21:08.911  INFO 1792 --- [main] pertySourcedRequestMappingHandlerMapping : Mapped URL path [/v2/api-docs] onto method [springfox.documentation.swagger2.web.Swagger2ControllerWebMvc#getDocumentation(String, HttpServletRequest)]
2023-06-09 17:21:09.252  INFO 1792 --- [main] o.s.s.concurrent.ThreadPoolTaskExecutor  : Initializing ExecutorService 'applicationTaskExecutor'
2023-06-09 17:21:10.698  WARN 1792 --- [main] .d.e.r.s.AbstractElasticsearchRepository : Cannot create index: Timeout connecting to [/127.0.0.1:9200]; nested exception is java.lang.RuntimeException: Timeout connecting to [/127.0.0.1:9200]
2023-06-09 17:21:11.036  INFO 1792 --- [main] d.s.w.p.DocumentationPluginsBootstrapper : Documentation plugins bootstrapped
2023-06-09 17:21:11.039  INFO 1792 --- [main] d.s.w.p.DocumentationPluginsBootstrapper : Found 1 custom documentation plugin(s)
2023-06-09 17:21:11.086  INFO 1792 --- [main] s.d.s.w.s.ApiListingReferenceScanner     : Scanning for api listing references
2023-06-09 17:21:11.250  INFO 1792 --- [main] .d.s.w.r.o.CachingOperationNameGenerator : Generating unique operation named: addUsingGET_1
2023-06-09 17:21:11.260  INFO 1792 --- [main] .d.s.w.r.o.CachingOperationNameGenerator : Generating unique operation named: getPageUsingPOST_1
2023-06-09 17:21:11.276  INFO 1792 --- [main] .d.s.w.r.o.CachingOperationNameGenerator : Generating unique operation named: getPageUsingPOST_2
2023-06-09 17:21:11.309  INFO 1792 --- [main] .d.s.w.r.o.CachingOperationNameGenerator : Generating unique operation named: addUsingPOST_1
2023-06-09 17:21:11.316  INFO 1792 --- [main] .d.s.w.r.o.CachingOperationNameGenerator : Generating unique operation named: delUsingDELETE_1
2023-06-09 17:21:11.345  INFO 1792 --- [main] .d.s.w.r.o.CachingOperationNameGenerator : Generating unique operation named: getPageUsingPOST_3
2023-06-09 17:21:11.349  INFO 1792 --- [main] .d.s.w.r.o.CachingOperationNameGenerator : Generating unique operation named: addUsingGET_2
2023-06-09 17:21:11.355  INFO 1792 --- [main] .d.s.w.r.o.CachingOperationNameGenerator : Generating unique operation named: updateUsingPOST_1
2023-06-09 17:21:11.362  INFO 1792 --- [main] o.s.a.r.c.CachingConnectionFactory       : Attempting to connect to: [127.0.0.1:5672]
2023-06-09 17:21:11.468  INFO 1792 --- [main] o.s.a.r.c.CachingConnectionFactory       : Created new connection: rabbitConnectionFactory#3e39e0fb:0/SimpleConnection@152dbf8e [delegate=amqp://guest@127.0.0.1:5672/, localPort= 51314]
2023-06-09 17:21:11.551  INFO 1792 --- [main] com.love.product.ProductTest             : Started ProductTest in 12.011 seconds (JVM running for 13.573)
2023-06-09 17:21:11.789  INFO 1792 --- [main] com.zaxxer.hikari.HikariDataSource       : HikariPool-1 - Starting...
2023-06-09 17:21:11.994  INFO 1792 --- [main] com.zaxxer.hikari.HikariDataSource       : HikariPool-1 - Start completed.
2023-06-09 17:21:12.070  INFO 1792 --- [SpringContextShutdownHook] o.s.a.r.l.SimpleMessageListenerContainer : Waiting for workers to finish.
2023-06-09 17:21:12.547  INFO 1792 --- [SpringContextShutdownHook] o.s.a.r.l.SimpleMessageListenerContainer : Successfully waited for workers to finish.
2023-06-09 17:21:12.553  INFO 1792 --- [SpringContextShutdownHook] o.s.a.r.l.SimpleMessageListenerContainer : Shutdown ignored - container is not active already
2023-06-09 17:21:12.553  INFO 1792 --- [SpringContextShutdownHook] o.s.s.concurrent.ThreadPoolTaskExecutor  : Shutting down ExecutorService 'applicationTaskExecutor'
2023-06-09 17:21:12.565  INFO 1792 --- [SpringContextShutdownHook] com.zaxxer.hikari.HikariDataSource       : HikariPool-1 - Shutdown initiated...
2023-06-09 17:21:12.577  INFO 1792 --- [SpringContextShutdownHook] com.zaxxer.hikari.HikariDataSource       : HikariPool-1 - Shutdown completed.
2023-06-09 17:21:49.087  INFO 6396 --- [main] com.love.product.ProductTest             : Starting ProductTest on DESKTOP-TUKL56E with PID 6396 (started by Administrator in C:\Users\Administrator\Desktop\product\product-manager)
2023-06-09 17:21:49.088  INFO 6396 --- [main] com.love.product.ProductTest             : No active profile set, falling back to default profiles: default
2023-06-09 17:21:49.243  WARN 6396 --- [background-preinit] o.s.h.c.j.Jackson2ObjectMapperBuilder    : For Jackson Kotlin classes support please add "com.fasterxml.jackson.module:jackson-module-kotlin" to the classpath
2023-06-09 17:21:50.175  INFO 6396 --- [main] .s.d.r.c.RepositoryConfigurationDelegate : Multiple Spring Data modules found, entering strict repository configuration mode!
2023-06-09 17:21:50.177  INFO 6396 --- [main] .s.d.r.c.RepositoryConfigurationDelegate : Bootstrapping Spring Data Elasticsearch repositories in DEFAULT mode.
2023-06-09 17:21:50.385  INFO 6396 --- [main] .s.d.r.c.RepositoryConfigurationDelegate : Finished Spring Data repository scanning in 203ms. Found 1 Elasticsearch repository interfaces.
2023-06-09 17:21:50.390  INFO 6396 --- [main] .s.d.r.c.RepositoryConfigurationDelegate : Multiple Spring Data modules found, entering strict repository configuration mode!
2023-06-09 17:21:50.391  INFO 6396 --- [main] .s.d.r.c.RepositoryConfigurationDelegate : Bootstrapping Spring Data Reactive Elasticsearch repositories in DEFAULT mode.
2023-06-09 17:21:50.409  INFO 6396 --- [main] .s.d.r.c.RepositoryConfigurationDelegate : Finished Spring Data repository scanning in 17ms. Found 0 Reactive Elasticsearch repository interfaces.
2023-06-09 17:21:50.423  INFO 6396 --- [main] .s.d.r.c.RepositoryConfigurationDelegate : Multiple Spring Data modules found, entering strict repository configuration mode!
2023-06-09 17:21:50.425  INFO 6396 --- [main] .s.d.r.c.RepositoryConfigurationDelegate : Bootstrapping Spring Data Redis repositories in DEFAULT mode.
2023-06-09 17:21:50.451  INFO 6396 --- [main] .RepositoryConfigurationExtensionSupport : Spring Data Redis - Could not safely identify store assignment for repository candidate interface com.love.product.mapper.ElasticsearchMapper. If you want this repository to be a Redis repository, consider annotating your entities with one of these annotations: org.springframework.data.redis.core.RedisHash (preferred), or consider extending one of the following types with your repository: org.springframework.data.keyvalue.repository.KeyValueRepository.
2023-06-09 17:21:50.451  INFO 6396 --- [main] .s.d.r.c.RepositoryConfigurationDelegate : Finished Spring Data repository scanning in 17ms. Found 0 Redis repository interfaces.
2023-06-09 17:21:50.633  WARN 6396 --- [main] o.m.s.mapper.ClassPathMapperScanner      : No MyBatis mapper was found in '[com.love.product.*.mapper]' package. Please check your configuration.
2023-06-09 17:21:50.637  WARN 6396 --- [main] o.m.s.mapper.ClassPathMapperScanner      : Skipping MapperFactoryBean with name 'elasticsearchMapper' and 'com.love.product.mapper.ElasticsearchMapper' mapperInterface. Bean already defined with the same name!
2023-06-09 17:21:51.039  INFO 6396 --- [main] trationDelegate$BeanPostProcessorChecker : Bean 'org.springframework.security.access.expression.method.DefaultMethodSecurityExpressionHandler@642a16aa' of type [org.springframework.security.access.expression.method.DefaultMethodSecurityExpressionHandler] is not eligible for getting processed by all BeanPostProcessors (for example: not eligible for auto-proxying)
2023-06-09 17:21:51.056  INFO 6396 --- [main] trationDelegate$BeanPostProcessorChecker : Bean 'methodSecurityMetadataSource' of type [org.springframework.security.access.method.DelegatingMethodSecurityMetadataSource] is not eligible for getting processed by all BeanPostProcessors (for example: not eligible for auto-proxying)
2023-06-09 17:21:55.887  WARN 6396 --- [main] o.s.data.convert.CustomConversions       : Registering converter from class org.springframework.data.geo.Point to interface java.util.Map as writing converter although it doesn't convert to a store-supported type! You might want to check your annotation setup at the converter implementation.
2023-06-09 17:21:55.888  WARN 6396 --- [main] o.s.data.convert.CustomConversions       : Registering converter from interface java.util.Map to class org.springframework.data.geo.Point as reading converter although it doesn't convert from a store-supported type! You might want to check your annotation setup at the converter implementation.
2023-06-09 17:21:55.888  WARN 6396 --- [main] o.s.data.convert.CustomConversions       : Registering converter from class org.springframework.data.elasticsearch.core.geo.GeoPoint to interface java.util.Map as writing converter although it doesn't convert to a store-supported type! You might want to check your annotation setup at the converter implementation.
2023-06-09 17:21:55.888  WARN 6396 --- [main] o.s.data.convert.CustomConversions       : Registering converter from interface java.util.Map to class org.springframework.data.elasticsearch.core.geo.GeoPoint as reading converter although it doesn't convert from a store-supported type! You might want to check your annotation setup at the converter implementation.
2023-06-09 17:21:57.154  INFO 6396 --- [main] o.s.d.elasticsearch.support.VersionInfo  : Version Spring Data Elasticsearch: 4.0.6.RELEASE
2023-06-09 17:21:57.154  INFO 6396 --- [main] o.s.d.elasticsearch.support.VersionInfo  : Version Elasticsearch Client in build: 7.6.2
2023-06-09 17:21:57.154  INFO 6396 --- [main] o.s.d.elasticsearch.support.VersionInfo  : Version Elasticsearch Client used: 7.6.2
2023-06-09 17:21:57.471  WARN 6396 --- [main] o.s.s.o.p.t.s.JwtAccessTokenConverter    : Unable to create an RSA verifier from verifierKey (ignoreable if using MAC)
2023-06-09 17:21:58.301  INFO 6396 --- [main] o.s.s.web.DefaultSecurityFilterChain     : Creating filter chain: OrRequestMatcher [requestMatchers=[Ant [pattern='/oauth/token'], Ant [pattern='/oauth/token_key'], Ant [pattern='/oauth/check_token']]], [org.springframework.security.web.context.request.async.WebAsyncManagerIntegrationFilter@78d61f17, org.springframework.security.web.context.SecurityContextPersistenceFilter@13a9cdae, org.springframework.security.web.header.HeaderWriterFilter@25110bb9, org.springframework.security.web.authentication.logout.LogoutFilter@2e013ba1, org.springframework.security.oauth2.provider.client.ClientCredentialsTokenEndpointFilter@309e3f34, org.springframework.security.web.authentication.www.BasicAuthenticationFilter@74c04377, org.springframework.security.web.savedrequest.RequestCacheAwareFilter@62a41279, org.springframework.security.web.servletapi.SecurityContextHolderAwareRequestFilter@4c5e4bfa, org.springframework.security.web.authentication.AnonymousAuthenticationFilter@4cfe9594, org.springframework.security.web.session.SessionManagementFilter@1f521c69, org.springframework.security.web.access.ExceptionTranslationFilter@219edc05, org.springframework.security.web.access.intercept.FilterSecurityInterceptor@47ffa248]
2023-06-09 17:21:58.323  INFO 6396 --- [main] o.s.s.web.DefaultSecurityFilterChain     : Creating filter chain: org.springframework.security.oauth2.config.annotation.web.configuration.ResourceServerConfiguration$NotOAuthRequestMatcher@58a7a58d, [org.springframework.security.web.context.request.async.WebAsyncManagerIntegrationFilter@4d8522ff, org.springframework.security.web.context.SecurityContextPersistenceFilter@57ed02e6, org.springframework.security.web.header.HeaderWriterFilter@77b22b05, org.springframework.security.web.authentication.logout.LogoutFilter@552ffa44, org.springframework.security.oauth2.provider.authentication.OAuth2AuthenticationProcessingFilter@39685204, org.springframework.security.web.savedrequest.RequestCacheAwareFilter@39004e4f, org.springframework.security.web.servletapi.SecurityContextHolderAwareRequestFilter@5f0ca069, org.springframework.security.web.authentication.AnonymousAuthenticationFilter@1c9975a8, org.springframework.security.web.session.SessionManagementFilter@4fef5792, org.springframework.security.web.access.ExceptionTranslationFilter@34eb5d01, org.springframework.security.web.access.intercept.FilterSecurityInterceptor@2d2133fd]
2023-06-09 17:21:58.327  INFO 6396 --- [main] o.s.s.web.DefaultSecurityFilterChain     : Creating filter chain: any request, [org.springframework.security.web.context.request.async.WebAsyncManagerIntegrationFilter@21ffc00e, org.springframework.security.web.context.SecurityContextPersistenceFilter@434a8938, org.springframework.security.web.header.HeaderWriterFilter@36120a8b, org.springframework.security.web.authentication.logout.LogoutFilter@42b500aa, org.springframework.security.web.savedrequest.RequestCacheAwareFilter@237cd264, org.springframework.security.web.servletapi.SecurityContextHolderAwareRequestFilter@51cd2d2, org.springframework.security.web.authentication.AnonymousAuthenticationFilter@134955bb, org.springframework.security.web.session.SessionManagementFilter@63d66761, org.springframework.security.web.access.ExceptionTranslationFilter@18ff1520, org.springframework.security.web.access.intercept.FilterSecurityInterceptor@191774d6]
2023-06-09 17:21:58.409  INFO 6396 --- [main] pertySourcedRequestMappingHandlerMapping : Mapped URL path [/v2/api-docs] onto method [springfox.documentation.swagger2.web.Swagger2ControllerWebMvc#getDocumentation(String, HttpServletRequest)]
2023-06-09 17:21:58.740  INFO 6396 --- [main] o.s.s.concurrent.ThreadPoolTaskExecutor  : Initializing ExecutorService 'applicationTaskExecutor'
2023-06-09 17:22:00.185  WARN 6396 --- [main] .d.e.r.s.AbstractElasticsearchRepository : Cannot create index: Timeout connecting to [/127.0.0.1:9200]; nested exception is java.lang.RuntimeException: Timeout connecting to [/127.0.0.1:9200]
2023-06-09 17:22:00.495  INFO 6396 --- [main] d.s.w.p.DocumentationPluginsBootstrapper : Documentation plugins bootstrapped
2023-06-09 17:22:00.499  INFO 6396 --- [main] d.s.w.p.DocumentationPluginsBootstrapper : Found 1 custom documentation plugin(s)
2023-06-09 17:22:00.552  INFO 6396 --- [main] s.d.s.w.s.ApiListingReferenceScanner     : Scanning for api listing references
2023-06-09 17:22:00.709  INFO 6396 --- [main] .d.s.w.r.o.CachingOperationNameGenerator : Generating unique operation named: addUsingGET_1
2023-06-09 17:22:00.724  INFO 6396 --- [main] .d.s.w.r.o.CachingOperationNameGenerator : Generating unique operation named: getPageUsingPOST_1
2023-06-09 17:22:00.736  INFO 6396 --- [main] .d.s.w.r.o.CachingOperationNameGenerator : Generating unique operation named: getPageUsingPOST_2
2023-06-09 17:22:00.776  INFO 6396 --- [main] .d.s.w.r.o.CachingOperationNameGenerator : Generating unique operation named: addUsingPOST_1
2023-06-09 17:22:00.784  INFO 6396 --- [main] .d.s.w.r.o.CachingOperationNameGenerator : Generating unique operation named: delUsingDELETE_1
2023-06-09 17:22:00.812  INFO 6396 --- [main] .d.s.w.r.o.CachingOperationNameGenerator : Generating unique operation named: getPageUsingPOST_3
2023-06-09 17:22:00.815  INFO 6396 --- [main] .d.s.w.r.o.CachingOperationNameGenerator : Generating unique operation named: addUsingGET_2
2023-06-09 17:22:00.822  INFO 6396 --- [main] .d.s.w.r.o.CachingOperationNameGenerator : Generating unique operation named: updateUsingPOST_1
2023-06-09 17:22:00.831  INFO 6396 --- [main] o.s.a.r.c.CachingConnectionFactory       : Attempting to connect to: [127.0.0.1:5672]
2023-06-09 17:22:00.894  INFO 6396 --- [main] o.s.a.r.c.CachingConnectionFactory       : Created new connection: rabbitConnectionFactory#5e158f33:0/SimpleConnection@77972964 [delegate=amqp://guest@127.0.0.1:5672/, localPort= 51360]
2023-06-09 17:22:00.969  INFO 6396 --- [main] com.love.product.ProductTest             : Started ProductTest in 12.172 seconds (JVM running for 13.45)
2023-06-09 17:22:01.232  INFO 6396 --- [main] com.zaxxer.hikari.HikariDataSource       : HikariPool-1 - Starting...
2023-06-09 17:22:01.414  INFO 6396 --- [main] com.zaxxer.hikari.HikariDataSource       : HikariPool-1 - Start completed.
2023-06-09 17:22:01.528  INFO 6396 --- [SpringContextShutdownHook] o.s.a.r.l.SimpleMessageListenerContainer : Waiting for workers to finish.
2023-06-09 17:22:01.971  INFO 6396 --- [SpringContextShutdownHook] o.s.a.r.l.SimpleMessageListenerContainer : Successfully waited for workers to finish.
2023-06-09 17:22:01.976  INFO 6396 --- [SpringContextShutdownHook] o.s.a.r.l.SimpleMessageListenerContainer : Shutdown ignored - container is not active already
2023-06-09 17:22:01.977  INFO 6396 --- [SpringContextShutdownHook] o.s.s.concurrent.ThreadPoolTaskExecutor  : Shutting down ExecutorService 'applicationTaskExecutor'
2023-06-09 17:22:01.986  INFO 6396 --- [SpringContextShutdownHook] com.zaxxer.hikari.HikariDataSource       : HikariPool-1 - Shutdown initiated...
2023-06-09 17:22:01.998  INFO 6396 --- [SpringContextShutdownHook] com.zaxxer.hikari.HikariDataSource       : HikariPool-1 - Shutdown completed.
