2023-07-12 20:12:18.274 [http-nio-8800-exec-4] ERROR com.shiyi.exception.GlobalException:53 -  msg : 未提供Token
cn.dev33.satoken.exception.NotLoginException: 未提供Token
	at cn.dev33.satoken.exception.NotLoginException.newInstance(NotLoginException.java:137)
	at cn.dev33.satoken.exception.NotLoginException.newInstance(NotLoginException.java:104)
	at cn.dev33.satoken.stp.StpLogic.getLoginId(StpLogic.java:571)
	at cn.dev33.satoken.stp.StpLogic.checkLogin(StpLogic.java:556)
	at cn.dev33.satoken.stp.StpLogic.checkByAnnotation(StpLogic.java:1467)
	at cn.dev33.satoken.action.SaTokenActionDefaultImpl.validateAnnotation(SaTokenActionDefaultImpl.java:121)
	at cn.dev33.satoken.strategy.SaStrategy.lambda$new$4(SaStrategy.java:88)
	at cn.dev33.satoken.strategy.SaStrategy.lambda$new$3(SaStrategy.java:79)
	at cn.dev33.satoken.interceptor.SaAnnotationInterceptor.preHandle(SaAnnotationInterceptor.java:40)
	at org.springframework.web.servlet.HandlerExecutionChain.applyPreHandle(HandlerExecutionChain.java:148)
	at org.springframework.web.servlet.DispatcherServlet.doDispatch(DispatcherServlet.java:1056)
	at org.springframework.web.servlet.DispatcherServlet.doService(DispatcherServlet.java:961)
	at org.springframework.web.servlet.FrameworkServlet.processRequest(FrameworkServlet.java:1006)
	at org.springframework.web.servlet.FrameworkServlet.doPost(FrameworkServlet.java:909)
	at javax.servlet.http.HttpServlet.service(HttpServlet.java:652)
	at org.springframework.web.servlet.FrameworkServlet.service(FrameworkServlet.java:883)
	at javax.servlet.http.HttpServlet.service(HttpServlet.java:733)
	at org.apache.catalina.core.ApplicationFilterChain.internalDoFilter(ApplicationFilterChain.java:231)
	at org.apache.catalina.core.ApplicationFilterChain.doFilter(ApplicationFilterChain.java:166)
	at org.apache.tomcat.websocket.server.WsFilter.doFilter(WsFilter.java:53)
	at org.apache.catalina.core.ApplicationFilterChain.internalDoFilter(ApplicationFilterChain.java:193)
	at org.apache.catalina.core.ApplicationFilterChain.doFilter(ApplicationFilterChain.java:166)
	at com.shiyi.config.filter.MyCorsFilter.doFilter(MyCorsFilter.java:29)
	at org.apache.catalina.core.ApplicationFilterChain.internalDoFilter(ApplicationFilterChain.java:193)
	at org.apache.catalina.core.ApplicationFilterChain.doFilter(ApplicationFilterChain.java:166)
	at com.alibaba.druid.support.http.WebStatFilter.doFilter(WebStatFilter.java:124)
	at org.apache.catalina.core.ApplicationFilterChain.internalDoFilter(ApplicationFilterChain.java:193)
	at org.apache.catalina.core.ApplicationFilterChain.doFilter(ApplicationFilterChain.java:166)
	at org.springframework.web.filter.CharacterEncodingFilter.doFilterInternal(CharacterEncodingFilter.java:201)
	at org.springframework.web.filter.OncePerRequestFilter.doFilter(OncePerRequestFilter.java:119)
	at org.apache.catalina.core.ApplicationFilterChain.internalDoFilter(ApplicationFilterChain.java:193)
	at org.apache.catalina.core.ApplicationFilterChain.doFilter(ApplicationFilterChain.java:166)
	at org.apache.catalina.core.StandardWrapperValve.invoke(StandardWrapperValve.java:202)
	at org.apache.catalina.core.StandardContextValve.invoke(StandardContextValve.java:97)
	at org.apache.catalina.authenticator.AuthenticatorBase.invoke(AuthenticatorBase.java:542)
	at org.apache.catalina.core.StandardHostValve.invoke(StandardHostValve.java:143)
	at org.apache.catalina.valves.ErrorReportValve.invoke(ErrorReportValve.java:92)
	at org.apache.catalina.core.StandardEngineValve.invoke(StandardEngineValve.java:78)
	at org.apache.catalina.connector.CoyoteAdapter.service(CoyoteAdapter.java:343)
	at org.apache.coyote.http11.Http11Processor.service(Http11Processor.java:374)
	at org.apache.coyote.AbstractProcessorLight.process(AbstractProcessorLight.java:65)
	at org.apache.coyote.AbstractProtocol$ConnectionHandler.process(AbstractProtocol.java:888)
	at org.apache.tomcat.util.net.NioEndpoint$SocketProcessor.doRun(NioEndpoint.java:1597)
	at org.apache.tomcat.util.net.SocketProcessorBase.run(SocketProcessorBase.java:49)
	at java.util.concurrent.ThreadPoolExecutor.runWorker(ThreadPoolExecutor.java:1149)
	at java.util.concurrent.ThreadPoolExecutor$Worker.run(ThreadPoolExecutor.java:624)
	at org.apache.tomcat.util.threads.TaskThread$WrappingRunnable.run(TaskThread.java:61)
	at java.lang.Thread.run(Thread.java:748)
2023-07-12 23:30:00.045 [quartzScheduler_Worker-1] ERROR com.shiyi.quartz.AbstractQuartzJob:44 - 任务执行异常  - ：
java.lang.NoSuchMethodException: com.shiyi.quartz.BlogQuartz.removeCode()
	at java.lang.Class.getDeclaredMethod(Class.java:2130)
	at com.shiyi.quartz.JobInvokeUtil.invokeMethod(JobInvokeUtil.java:60)
	at com.shiyi.quartz.JobInvokeUtil.invokeMethod(JobInvokeUtil.java:33)
	at com.shiyi.quartz.QuartzDisallowConcurrentExecution.doExecute(QuartzDisallowConcurrentExecution.java:14)
	at com.shiyi.quartz.AbstractQuartzJob.execute(AbstractQuartzJob.java:41)
	at org.quartz.core.JobRunShell.run(JobRunShell.java:202)
	at org.quartz.simpl.SimpleThreadPool$WorkerThread.run(SimpleThreadPool.java:573)
