2023-07-19 08:53:44.617 [background-preinit] INFO  org.hibernate.validator.internal.util.Version:21 - HV000001: Hibernate Validator 6.1.6.Final
2023-07-19 08:53:44.643 [main] INFO  com.shiyi.BlogApplication:55 - Starting BlogApplication using Java 1.8.0_301 on DESKTOP-TUKL56E with PID 29060 (C:\Users\Administrator\Desktop\product\blog\target\classes started by Administrator in C:\Users\Administrator\Desktop\product)
2023-07-19 08:53:44.644 [main] INFO  com.shiyi.BlogApplication:660 - No active profile set, falling back to default profiles: default
2023-07-19 08:53:45.846 [main] INFO  o.s.d.r.config.RepositoryConfigurationDelegate:250 - Multiple Spring Data modules found, entering strict repository configuration mode!
2023-07-19 08:53:45.848 [main] INFO  o.s.d.r.config.RepositoryConfigurationDelegate:128 - Bootstrapping Spring Data Elasticsearch repositories in DEFAULT mode.
2023-07-19 08:53:45.885 [main] INFO  o.s.d.r.config.RepositoryConfigurationDelegate:188 - Finished Spring Data repository scanning in 32 ms. Found 0 Elasticsearch repository interfaces.
2023-07-19 08:53:45.888 [main] INFO  o.s.d.r.config.RepositoryConfigurationDelegate:250 - Multiple Spring Data modules found, entering strict repository configuration mode!
2023-07-19 08:53:45.888 [main] INFO  o.s.d.r.config.RepositoryConfigurationDelegate:128 - Bootstrapping Spring Data Reactive Elasticsearch repositories in DEFAULT mode.
2023-07-19 08:53:45.910 [main] INFO  o.s.d.r.config.RepositoryConfigurationDelegate:188 - Finished Spring Data repository scanning in 20 ms. Found 0 Reactive Elasticsearch repository interfaces.
2023-07-19 08:53:45.923 [main] INFO  o.s.d.r.config.RepositoryConfigurationDelegate:250 - Multiple Spring Data modules found, entering strict repository configuration mode!
2023-07-19 08:53:45.924 [main] INFO  o.s.d.r.config.RepositoryConfigurationDelegate:128 - Bootstrapping Spring Data Redis repositories in DEFAULT mode.
2023-07-19 08:53:45.954 [main] INFO  o.s.d.r.config.RepositoryConfigurationDelegate:188 - Finished Spring Data repository scanning in 21 ms. Found 0 Redis repository interfaces.
2023-07-19 08:53:46.219 [main] INFO  c.u.j.c.EnableEncryptablePropertiesBeanFactoryPostProcessor:50 - Post-processing PropertySource instances
2023-07-19 08:53:46.268 [main] INFO  c.u.j.EncryptablePropertySourceConverter:38 - Converting PropertySource configurationProperties [org.springframework.boot.context.properties.source.ConfigurationPropertySourcesPropertySource] to AOP Proxy
2023-07-19 08:53:46.269 [main] INFO  c.u.j.EncryptablePropertySourceConverter:38 - Converting PropertySource servletConfigInitParams [org.springframework.core.env.PropertySource$StubPropertySource] to EncryptablePropertySourceWrapper
2023-07-19 08:53:46.269 [main] INFO  c.u.j.EncryptablePropertySourceConverter:38 - Converting PropertySource servletContextInitParams [org.springframework.core.env.PropertySource$StubPropertySource] to EncryptablePropertySourceWrapper
2023-07-19 08:53:46.270 [main] INFO  c.u.j.EncryptablePropertySourceConverter:38 - Converting PropertySource systemProperties [org.springframework.core.env.PropertiesPropertySource] to EncryptableMapPropertySourceWrapper
2023-07-19 08:53:46.270 [main] INFO  c.u.j.EncryptablePropertySourceConverter:38 - Converting PropertySource systemEnvironment [org.springframework.boot.env.SystemEnvironmentPropertySourceEnvironmentPostProcessor$OriginAwareSystemEnvironmentPropertySource] to EncryptableMapPropertySourceWrapper
2023-07-19 08:53:46.270 [main] INFO  c.u.j.EncryptablePropertySourceConverter:38 - Converting PropertySource random [org.springframework.boot.env.RandomValuePropertySource] to EncryptablePropertySourceWrapper
2023-07-19 08:53:46.270 [main] INFO  c.u.j.EncryptablePropertySourceConverter:38 - Converting PropertySource Config resource 'class path resource [application.yml]' via location 'optional:classpath:/' [org.springframework.boot.env.OriginTrackedMapPropertySource] to EncryptableMapPropertySourceWrapper
2023-07-19 08:53:46.341 [main] INFO  c.u.j.filter.DefaultLazyPropertyFilter:31 - Property Filter custom Bean not found with name 'encryptablePropertyFilter'. Initializing Default Property Filter
2023-07-19 08:53:46.695 [main] INFO  c.u.j.resolver.DefaultLazyPropertyResolver:31 - Property Resolver custom Bean not found with name 'encryptablePropertyResolver'. Initializing Default Property Resolver
2023-07-19 08:53:46.695 [main] INFO  c.u.j.detector.DefaultLazyPropertyDetector:30 - Property Detector custom Bean not found with name 'encryptablePropertyDetector'. Initializing Default Property Detector
2023-07-19 08:53:46.900 [main] INFO  o.s.boot.web.embedded.tomcat.TomcatWebServer:108 - Tomcat initialized with port(s): 8800 (http)
2023-07-19 08:53:46.911 [main] INFO  org.apache.coyote.http11.Http11NioProtocol:173 - Initializing ProtocolHandler ["http-nio-8800"]
2023-07-19 08:53:46.912 [main] INFO  org.apache.catalina.core.StandardService:173 - Starting service [Tomcat]
2023-07-19 08:53:46.912 [main] INFO  org.apache.catalina.core.StandardEngine:173 - Starting Servlet engine: [Apache Tomcat/9.0.41]
2023-07-19 08:53:47.076 [main] INFO  o.a.c.c.C.[Tomcat].[localhost].[/shiyi]:173 - Initializing Spring embedded WebApplicationContext
2023-07-19 08:53:47.076 [main] INFO  o.s.b.w.s.c.ServletWebServerApplicationContext:289 - Root WebApplicationContext: initialization completed in 2381 ms
2023-07-19 08:53:52.826 [main] WARN  org.springframework.data.convert.CustomConversions:270 - Registering converter from class org.springframework.data.geo.Point to interface java.util.Map as writing converter although it doesn't convert to a store-supported type! You might want to check your annotation setup at the converter implementation.
2023-07-19 08:53:52.827 [main] WARN  org.springframework.data.convert.CustomConversions:260 - Registering converter from interface java.util.Map to class org.springframework.data.geo.Point as reading converter although it doesn't convert from a store-supported type! You might want to check your annotation setup at the converter implementation.
2023-07-19 08:53:52.827 [main] WARN  org.springframework.data.convert.CustomConversions:270 - Registering converter from class org.springframework.data.elasticsearch.core.geo.GeoPoint to interface java.util.Map as writing converter although it doesn't convert to a store-supported type! You might want to check your annotation setup at the converter implementation.
2023-07-19 08:53:52.828 [main] WARN  org.springframework.data.convert.CustomConversions:260 - Registering converter from interface java.util.Map to class org.springframework.data.elasticsearch.core.geo.GeoPoint as reading converter although it doesn't convert from a store-supported type! You might want to check your annotation setup at the converter implementation.
2023-07-19 08:53:52.828 [main] WARN  org.springframework.data.convert.CustomConversions:270 - Registering converter from interface org.springframework.data.elasticsearch.core.geo.GeoJson to interface java.util.Map as writing converter although it doesn't convert to a store-supported type! You might want to check your annotation setup at the converter implementation.
2023-07-19 08:53:52.828 [main] WARN  org.springframework.data.convert.CustomConversions:260 - Registering converter from interface java.util.Map to interface org.springframework.data.elasticsearch.core.geo.GeoJson as reading converter although it doesn't convert from a store-supported type! You might want to check your annotation setup at the converter implementation.
2023-07-19 08:53:52.828 [main] WARN  org.springframework.data.convert.CustomConversions:270 - Registering converter from class org.springframework.data.elasticsearch.core.geo.GeoJsonPoint to interface java.util.Map as writing converter although it doesn't convert to a store-supported type! You might want to check your annotation setup at the converter implementation.
2023-07-19 08:53:52.828 [main] WARN  org.springframework.data.convert.CustomConversions:260 - Registering converter from interface java.util.Map to class org.springframework.data.elasticsearch.core.geo.GeoJsonPoint as reading converter although it doesn't convert from a store-supported type! You might want to check your annotation setup at the converter implementation.
2023-07-19 08:53:52.829 [main] WARN  org.springframework.data.convert.CustomConversions:270 - Registering converter from class org.springframework.data.elasticsearch.core.geo.GeoJsonMultiPoint to interface java.util.Map as writing converter although it doesn't convert to a store-supported type! You might want to check your annotation setup at the converter implementation.
2023-07-19 08:53:52.829 [main] WARN  org.springframework.data.convert.CustomConversions:260 - Registering converter from interface java.util.Map to class org.springframework.data.elasticsearch.core.geo.GeoJsonMultiPoint as reading converter although it doesn't convert from a store-supported type! You might want to check your annotation setup at the converter implementation.
2023-07-19 08:53:52.829 [main] WARN  org.springframework.data.convert.CustomConversions:270 - Registering converter from class org.springframework.data.elasticsearch.core.geo.GeoJsonLineString to interface java.util.Map as writing converter although it doesn't convert to a store-supported type! You might want to check your annotation setup at the converter implementation.
2023-07-19 08:53:52.829 [main] WARN  org.springframework.data.convert.CustomConversions:260 - Registering converter from interface java.util.Map to class org.springframework.data.elasticsearch.core.geo.GeoJsonLineString as reading converter although it doesn't convert from a store-supported type! You might want to check your annotation setup at the converter implementation.
2023-07-19 08:53:52.829 [main] WARN  org.springframework.data.convert.CustomConversions:270 - Registering converter from class org.springframework.data.elasticsearch.core.geo.GeoJsonMultiLineString to interface java.util.Map as writing converter although it doesn't convert to a store-supported type! You might want to check your annotation setup at the converter implementation.
2023-07-19 08:53:52.830 [main] WARN  org.springframework.data.convert.CustomConversions:260 - Registering converter from interface java.util.Map to class org.springframework.data.elasticsearch.core.geo.GeoJsonMultiLineString as reading converter although it doesn't convert from a store-supported type! You might want to check your annotation setup at the converter implementation.
2023-07-19 08:53:52.830 [main] WARN  org.springframework.data.convert.CustomConversions:270 - Registering converter from class org.springframework.data.elasticsearch.core.geo.GeoJsonPolygon to interface java.util.Map as writing converter although it doesn't convert to a store-supported type! You might want to check your annotation setup at the converter implementation.
2023-07-19 08:53:52.830 [main] WARN  org.springframework.data.convert.CustomConversions:260 - Registering converter from interface java.util.Map to class org.springframework.data.elasticsearch.core.geo.GeoJsonPolygon as reading converter although it doesn't convert from a store-supported type! You might want to check your annotation setup at the converter implementation.
2023-07-19 08:53:52.830 [main] WARN  org.springframework.data.convert.CustomConversions:270 - Registering converter from class org.springframework.data.elasticsearch.core.geo.GeoJsonMultiPolygon to interface java.util.Map as writing converter although it doesn't convert to a store-supported type! You might want to check your annotation setup at the converter implementation.
2023-07-19 08:53:52.830 [main] WARN  org.springframework.data.convert.CustomConversions:260 - Registering converter from interface java.util.Map to class org.springframework.data.elasticsearch.core.geo.GeoJsonMultiPolygon as reading converter although it doesn't convert from a store-supported type! You might want to check your annotation setup at the converter implementation.
2023-07-19 08:53:52.831 [main] WARN  org.springframework.data.convert.CustomConversions:270 - Registering converter from class org.springframework.data.elasticsearch.core.geo.GeoJsonGeometryCollection to interface java.util.Map as writing converter although it doesn't convert to a store-supported type! You might want to check your annotation setup at the converter implementation.
2023-07-19 08:53:52.831 [main] WARN  org.springframework.data.convert.CustomConversions:260 - Registering converter from interface java.util.Map to class org.springframework.data.elasticsearch.core.geo.GeoJsonGeometryCollection as reading converter although it doesn't convert from a store-supported type! You might want to check your annotation setup at the converter implementation.
2023-07-19 08:53:53.901 [main] INFO  o.s.data.elasticsearch.support.VersionInfo:62 - Version Spring Data Elasticsearch: 4.1.2
2023-07-19 08:53:53.902 [main] INFO  o.s.data.elasticsearch.support.VersionInfo:63 - Version Elasticsearch Client in build: 7.9.3
2023-07-19 08:53:53.902 [main] INFO  o.s.data.elasticsearch.support.VersionInfo:64 - Version Elasticsearch Client used: 7.9.3
2023-07-19 08:53:53.983 [main] INFO  o.s.scheduling.concurrent.ThreadPoolTaskExecutor:181 - Initializing ExecutorService
2023-07-19 08:53:53.985 [main] INFO  o.s.scheduling.concurrent.ThreadPoolTaskExecutor:181 - Initializing ExecutorService 'threadPoolTaskExecutor'
2023-07-19 08:53:54.500 [main] INFO  com.alibaba.druid.pool.DruidDataSource:994 - {dataSource-1} inited
2023-07-19 08:53:54.865 [main] INFO  org.quartz.impl.StdSchedulerFactory:1220 - Using default implementation for ThreadExecutor
2023-07-19 08:53:54.875 [main] INFO  org.quartz.core.SchedulerSignalerImpl:61 - Initialized Scheduler Signaller of type: class org.quartz.core.SchedulerSignalerImpl
2023-07-19 08:53:54.875 [main] INFO  org.quartz.core.QuartzScheduler:229 - Quartz Scheduler v.2.3.2 created.
2023-07-19 08:53:54.876 [main] INFO  org.quartz.simpl.RAMJobStore:155 - RAMJobStore initialized.
2023-07-19 08:53:54.876 [main] INFO  org.quartz.core.QuartzScheduler:294 - Scheduler meta-data: Quartz Scheduler (v2.3.2) 'quartzScheduler' with instanceId 'NON_CLUSTERED'
  Scheduler class: 'org.quartz.core.QuartzScheduler' - running locally.
  NOT STARTED.
  Currently in standby mode.
  Number of jobs executed: 0
  Using thread pool 'org.quartz.simpl.SimpleThreadPool' - with 10 threads.
  Using job-store 'org.quartz.simpl.RAMJobStore' - which does not support persistence. and is not clustered.

2023-07-19 08:53:54.876 [main] INFO  org.quartz.impl.StdSchedulerFactory:1374 - Quartz scheduler 'quartzScheduler' initialized from an externally provided properties instance.
2023-07-19 08:53:54.877 [main] INFO  org.quartz.impl.StdSchedulerFactory:1378 - Quartz scheduler version: 2.3.2
2023-07-19 08:53:54.877 [main] INFO  org.quartz.core.QuartzScheduler:2293 - JobFactory set to: org.springframework.scheduling.quartz.SpringBeanJobFactory@30bd39d5
2023-07-19 08:53:55.077 [main] WARN  com.shiyi.util.SensitiveUtils:55 - 加载敏感词文件失败: null
2023-07-19 08:53:56.037 [main] INFO  org.apache.coyote.http11.Http11NioProtocol:173 - Starting ProtocolHandler ["http-nio-8800"]
2023-07-19 08:53:56.050 [main] INFO  o.s.boot.web.embedded.tomcat.TomcatWebServer:220 - Tomcat started on port(s): 8800 (http) with context path '/shiyi'
2023-07-19 08:53:56.746 [main] INFO  o.s.scheduling.quartz.SchedulerFactoryBean:727 - Starting Quartz Scheduler now
2023-07-19 08:53:56.746 [main] INFO  org.quartz.core.QuartzScheduler:547 - Scheduler quartzScheduler_$_NON_CLUSTERED started.
2023-07-19 08:53:56.754 [main] INFO  com.shiyi.BlogApplication:61 - Started BlogApplication in 12.643 seconds (JVM running for 15.901)
2023-07-19 08:54:22.688 [http-nio-8800-exec-1] INFO  o.a.c.c.C.[Tomcat].[localhost].[/shiyi]:173 - Initializing Spring DispatcherServlet 'dispatcherServlet'
2023-07-19 08:54:22.689 [http-nio-8800-exec-1] INFO  org.springframework.web.servlet.DispatcherServlet:525 - Initializing Servlet 'dispatcherServlet'
2023-07-19 08:54:22.691 [http-nio-8800-exec-1] INFO  org.springframework.web.servlet.DispatcherServlet:547 - Completed initialization in 2 ms
2023-07-19 08:54:27.241 [http-nio-8800-exec-8] ERROR com.shiyi.exception.GlobalException:53 -  msg : Token无效：96624acb-4200-4e33-8a8a-22fe456d9008
cn.dev33.satoken.exception.NotLoginException: Token无效：96624acb-4200-4e33-8a8a-22fe456d9008
	at cn.dev33.satoken.exception.NotLoginException.newInstance(NotLoginException.java:137)
	at cn.dev33.satoken.stp.StpLogic.getLoginId(StpLogic.java:576)
	at cn.dev33.satoken.stp.StpLogic.checkLogin(StpLogic.java:556)
	at cn.dev33.satoken.stp.StpLogic.checkByAnnotation(StpLogic.java:1467)
	at cn.dev33.satoken.action.SaTokenActionDefaultImpl.validateAnnotation(SaTokenActionDefaultImpl.java:121)
	at cn.dev33.satoken.strategy.SaStrategy.lambda$new$4(SaStrategy.java:88)
	at cn.dev33.satoken.strategy.SaStrategy.lambda$new$3(SaStrategy.java:79)
	at cn.dev33.satoken.interceptor.SaAnnotationInterceptor.preHandle(SaAnnotationInterceptor.java:40)
	at org.springframework.web.servlet.HandlerExecutionChain.applyPreHandle(HandlerExecutionChain.java:148)
	at org.springframework.web.servlet.DispatcherServlet.doDispatch(DispatcherServlet.java:1056)
	at org.springframework.web.servlet.DispatcherServlet.doService(DispatcherServlet.java:961)
	at org.springframework.web.servlet.FrameworkServlet.processRequest(FrameworkServlet.java:1006)
	at org.springframework.web.servlet.FrameworkServlet.doPost(FrameworkServlet.java:909)
	at javax.servlet.http.HttpServlet.service(HttpServlet.java:652)
	at org.springframework.web.servlet.FrameworkServlet.service(FrameworkServlet.java:883)
	at javax.servlet.http.HttpServlet.service(HttpServlet.java:733)
	at org.apache.catalina.core.ApplicationFilterChain.internalDoFilter(ApplicationFilterChain.java:231)
	at org.apache.catalina.core.ApplicationFilterChain.doFilter(ApplicationFilterChain.java:166)
	at org.apache.tomcat.websocket.server.WsFilter.doFilter(WsFilter.java:53)
	at org.apache.catalina.core.ApplicationFilterChain.internalDoFilter(ApplicationFilterChain.java:193)
	at org.apache.catalina.core.ApplicationFilterChain.doFilter(ApplicationFilterChain.java:166)
	at com.shiyi.config.filter.MyCorsFilter.doFilter(MyCorsFilter.java:29)
	at org.apache.catalina.core.ApplicationFilterChain.internalDoFilter(ApplicationFilterChain.java:193)
	at org.apache.catalina.core.ApplicationFilterChain.doFilter(ApplicationFilterChain.java:166)
	at com.alibaba.druid.support.http.WebStatFilter.doFilter(WebStatFilter.java:124)
	at org.apache.catalina.core.ApplicationFilterChain.internalDoFilter(ApplicationFilterChain.java:193)
	at org.apache.catalina.core.ApplicationFilterChain.doFilter(ApplicationFilterChain.java:166)
	at org.springframework.web.filter.CharacterEncodingFilter.doFilterInternal(CharacterEncodingFilter.java:201)
	at org.springframework.web.filter.OncePerRequestFilter.doFilter(OncePerRequestFilter.java:119)
	at org.apache.catalina.core.ApplicationFilterChain.internalDoFilter(ApplicationFilterChain.java:193)
	at org.apache.catalina.core.ApplicationFilterChain.doFilter(ApplicationFilterChain.java:166)
	at org.apache.catalina.core.StandardWrapperValve.invoke(StandardWrapperValve.java:202)
	at org.apache.catalina.core.StandardContextValve.invoke(StandardContextValve.java:97)
	at org.apache.catalina.authenticator.AuthenticatorBase.invoke(AuthenticatorBase.java:542)
	at org.apache.catalina.core.StandardHostValve.invoke(StandardHostValve.java:143)
	at org.apache.catalina.valves.ErrorReportValve.invoke(ErrorReportValve.java:92)
	at org.apache.catalina.core.StandardEngineValve.invoke(StandardEngineValve.java:78)
	at org.apache.catalina.connector.CoyoteAdapter.service(CoyoteAdapter.java:343)
	at org.apache.coyote.http11.Http11Processor.service(Http11Processor.java:374)
	at org.apache.coyote.AbstractProcessorLight.process(AbstractProcessorLight.java:65)
	at org.apache.coyote.AbstractProtocol$ConnectionHandler.process(AbstractProtocol.java:888)
	at org.apache.tomcat.util.net.NioEndpoint$SocketProcessor.doRun(NioEndpoint.java:1597)
	at org.apache.tomcat.util.net.SocketProcessorBase.run(SocketProcessorBase.java:49)
	at java.util.concurrent.ThreadPoolExecutor.runWorker(ThreadPoolExecutor.java:1149)
	at java.util.concurrent.ThreadPoolExecutor$Worker.run(ThreadPoolExecutor.java:624)
	at org.apache.tomcat.util.threads.TaskThread$WrappingRunnable.run(TaskThread.java:61)
	at java.lang.Thread.run(Thread.java:748)
2023-07-19 08:54:35.871 [http-nio-8800-exec-1] INFO  com.shiyi.config.satoken.MySaTokenListener:67 - 用户已登录,useId:7,token:68fface0-b58e-4547-911e-5b40b751c811
2023-07-19 10:23:47.127 [http-nio-8800-exec-3] ERROR com.shiyi.exception.GlobalException:53 -  msg : Token无效：68fface0-b58e-4547-911e-5b40b751c811
cn.dev33.satoken.exception.NotLoginException: Token无效：68fface0-b58e-4547-911e-5b40b751c811
	at cn.dev33.satoken.exception.NotLoginException.newInstance(NotLoginException.java:137)
	at cn.dev33.satoken.stp.StpLogic.getLoginId(StpLogic.java:576)
	at cn.dev33.satoken.stp.StpLogic.checkLogin(StpLogic.java:556)
	at cn.dev33.satoken.stp.StpLogic.checkByAnnotation(StpLogic.java:1467)
	at cn.dev33.satoken.action.SaTokenActionDefaultImpl.validateAnnotation(SaTokenActionDefaultImpl.java:121)
	at cn.dev33.satoken.strategy.SaStrategy.lambda$new$4(SaStrategy.java:88)
	at cn.dev33.satoken.strategy.SaStrategy.lambda$new$3(SaStrategy.java:79)
	at cn.dev33.satoken.interceptor.SaAnnotationInterceptor.preHandle(SaAnnotationInterceptor.java:40)
	at org.springframework.web.servlet.HandlerExecutionChain.applyPreHandle(HandlerExecutionChain.java:148)
	at org.springframework.web.servlet.DispatcherServlet.doDispatch(DispatcherServlet.java:1056)
	at org.springframework.web.servlet.DispatcherServlet.doService(DispatcherServlet.java:961)
	at org.springframework.web.servlet.FrameworkServlet.processRequest(FrameworkServlet.java:1006)
	at org.springframework.web.servlet.FrameworkServlet.doPost(FrameworkServlet.java:909)
	at javax.servlet.http.HttpServlet.service(HttpServlet.java:652)
	at org.springframework.web.servlet.FrameworkServlet.service(FrameworkServlet.java:883)
	at javax.servlet.http.HttpServlet.service(HttpServlet.java:733)
	at org.apache.catalina.core.ApplicationFilterChain.internalDoFilter(ApplicationFilterChain.java:231)
	at org.apache.catalina.core.ApplicationFilterChain.doFilter(ApplicationFilterChain.java:166)
	at org.apache.tomcat.websocket.server.WsFilter.doFilter(WsFilter.java:53)
	at org.apache.catalina.core.ApplicationFilterChain.internalDoFilter(ApplicationFilterChain.java:193)
	at org.apache.catalina.core.ApplicationFilterChain.doFilter(ApplicationFilterChain.java:166)
	at com.shiyi.config.filter.MyCorsFilter.doFilter(MyCorsFilter.java:29)
	at org.apache.catalina.core.ApplicationFilterChain.internalDoFilter(ApplicationFilterChain.java:193)
	at org.apache.catalina.core.ApplicationFilterChain.doFilter(ApplicationFilterChain.java:166)
	at com.alibaba.druid.support.http.WebStatFilter.doFilter(WebStatFilter.java:124)
	at org.apache.catalina.core.ApplicationFilterChain.internalDoFilter(ApplicationFilterChain.java:193)
	at org.apache.catalina.core.ApplicationFilterChain.doFilter(ApplicationFilterChain.java:166)
	at org.springframework.web.filter.CharacterEncodingFilter.doFilterInternal(CharacterEncodingFilter.java:201)
	at org.springframework.web.filter.OncePerRequestFilter.doFilter(OncePerRequestFilter.java:119)
	at org.apache.catalina.core.ApplicationFilterChain.internalDoFilter(ApplicationFilterChain.java:193)
	at org.apache.catalina.core.ApplicationFilterChain.doFilter(ApplicationFilterChain.java:166)
	at org.apache.catalina.core.StandardWrapperValve.invoke(StandardWrapperValve.java:202)
	at org.apache.catalina.core.StandardContextValve.invoke(StandardContextValve.java:97)
	at org.apache.catalina.authenticator.AuthenticatorBase.invoke(AuthenticatorBase.java:542)
	at org.apache.catalina.core.StandardHostValve.invoke(StandardHostValve.java:143)
	at org.apache.catalina.valves.ErrorReportValve.invoke(ErrorReportValve.java:92)
	at org.apache.catalina.core.StandardEngineValve.invoke(StandardEngineValve.java:78)
	at org.apache.catalina.connector.CoyoteAdapter.service(CoyoteAdapter.java:343)
	at org.apache.coyote.http11.Http11Processor.service(Http11Processor.java:374)
	at org.apache.coyote.AbstractProcessorLight.process(AbstractProcessorLight.java:65)
	at org.apache.coyote.AbstractProtocol$ConnectionHandler.process(AbstractProtocol.java:888)
	at org.apache.tomcat.util.net.NioEndpoint$SocketProcessor.doRun(NioEndpoint.java:1597)
	at org.apache.tomcat.util.net.SocketProcessorBase.run(SocketProcessorBase.java:49)
	at java.util.concurrent.ThreadPoolExecutor.runWorker(ThreadPoolExecutor.java:1149)
	at java.util.concurrent.ThreadPoolExecutor$Worker.run(ThreadPoolExecutor.java:624)
	at org.apache.tomcat.util.threads.TaskThread$WrappingRunnable.run(TaskThread.java:61)
	at java.lang.Thread.run(Thread.java:748)
2023-07-19 10:23:53.221 [http-nio-8800-exec-8] INFO  com.shiyi.config.satoken.MySaTokenListener:67 - 用户已登录,useId:7,token:1f328172-14f8-4437-805b-9096300ebf92
2023-07-19 11:47:26.307 [SpringContextShutdownHook] INFO  org.quartz.core.QuartzScheduler:585 - Scheduler quartzScheduler_$_NON_CLUSTERED paused.
2023-07-19 11:47:26.837 [SpringContextShutdownHook] INFO  o.s.scheduling.quartz.SchedulerFactoryBean:845 - Shutting down Quartz Scheduler
2023-07-19 11:47:26.837 [SpringContextShutdownHook] INFO  org.quartz.core.QuartzScheduler:666 - Scheduler quartzScheduler_$_NON_CLUSTERED shutting down.
2023-07-19 11:47:26.837 [SpringContextShutdownHook] INFO  org.quartz.core.QuartzScheduler:585 - Scheduler quartzScheduler_$_NON_CLUSTERED paused.
2023-07-19 11:47:26.839 [SpringContextShutdownHook] INFO  org.quartz.core.QuartzScheduler:740 - Scheduler quartzScheduler_$_NON_CLUSTERED shutdown complete.
2023-07-19 11:47:26.839 [SpringContextShutdownHook] INFO  o.s.scheduling.concurrent.ThreadPoolTaskExecutor:218 - Shutting down ExecutorService 'threadPoolTaskExecutor'
2023-07-19 11:47:27.089 [SpringContextShutdownHook] INFO  com.alibaba.druid.pool.DruidDataSource:2029 - {dataSource-1} closing ...
2023-07-19 11:47:27.104 [SpringContextShutdownHook] INFO  com.alibaba.druid.pool.DruidDataSource:2101 - {dataSource-1} closed
